[2025-05-19 22:07:36.016] [info] [WS] Connected & handshake succeeded
[2025-05-19 22:07:36.018] [info] [WS] Sent subscription message: {"args":[{"channel":"books","instId":"BTC-USDT"}],"op":"subscribe"}
[2025-05-19 22:07:36.019] [info] [WS] Received 2069 bytes
[2025-05-19 22:07:36.020] [info] [WS] Pushed tick into queue
[2025-05-19 22:07:36.021] [info] [ModelLoop] Slippage=0.00000015  Impact=0.001231  Fees=0.154399  Net=0.155630  M/T=0.000000  Latency=0.003700ms
[2025-05-19 22:07:36.083] [info] [WS] Received 2065 bytes
[2025-05-19 22:07:36.083] [info] [WS] Pushed tick into queue
[2025-05-19 22:07:36.085] [info] [ModelLoop] Slippage=0.00000018  Impact=0.001379  Fees=0.153256  Net=0.154636  M/T=0.000000  Latency=0.004300ms
[2025-05-19 22:07:36.222] [info] [WS] Received 2066 bytes
[2025-05-19 22:07:36.222] [info] [WS] Pushed tick into queue
[2025-05-19 22:07:36.223] [info] [ModelLoop] Slippage=0.00000020  Impact=0.001359  Fees=0.157755  Net=0.159114  M/T=0.000000  Latency=0.004000ms
[2025-05-19 22:07:36.426] [info] [WS] Received 2064 bytes
[2025-05-19 22:07:36.426] [info] [WS] Pushed tick into queue
[2025-05-19 22:07:36.426] [info] [WS] Received 2064 bytes
[2025-05-19 22:07:36.426] [info] [WS] Pushed tick into queue
[2025-05-19 22:07:36.427] [info] [ModelLoop] Slippage=0.00000017  Impact=0.001341  Fees=0.161980  Net=0.163322  M/T=0.000000  Latency=0.004500ms
[2025-05-19 22:07:36.429] [info] [ModelLoop] Slippage=0.00000017  Impact=0.001344  Fees=0.161148  Net=0.162492  M/T=0.000000  Latency=0.002000ms
[2025-05-19 22:07:36.528] [info] [WS] Received 2066 bytes
[2025-05-19 22:07:36.528] [info] [WS] Pushed tick into queue
[2025-05-19 22:07:36.530] [info] [ModelLoop] Slippage=0.00000017  Impact=0.001364  Fees=0.162684  Net=0.164048  M/T=0.000000  Latency=0.004600ms
[2025-05-19 22:07:36.631] [info] [WS] Received 2068 bytes
[2025-05-19 22:07:36.631] [info] [WS] Pushed tick into queue
[2025-05-19 22:07:36.633] [info] [ModelLoop] Slippage=0.00000018  Impact=0.001403  Fees=0.167169  Net=0.168572  M/T=0.000000  Latency=0.004200ms
[2025-05-19 22:07:36.736] [info] [WS] Received 2068 bytes
[2025-05-19 22:07:36.736] [info] [WS] Pushed tick into queue
[2025-05-19 22:07:36.738] [info] [ModelLoop] Slippage=0.00000015  Impact=0.001408  Fees=0.158806  Net=0.160214  M/T=0.000000  Latency=0.007100ms
[2025-05-19 22:07:36.836] [info] [WS] Received 2064 bytes
[2025-05-19 22:07:36.836] [info] [WS] Pushed tick into queue
[2025-05-19 22:07:36.837] [info] [ModelLoop] Slippage=0.00000012  Impact=0.001263  Fees=0.152545  Net=0.153808  M/T=0.000000  Latency=0.004600ms
[2025-05-19 22:07:36.938] [info] [WS] Received 2064 bytes
[2025-05-19 22:07:36.938] [info] [WS] Pushed tick into queue
[2025-05-19 22:07:36.940] [info] [ModelLoop] Slippage=0.00000012  Impact=0.001279  Fees=0.151301  Net=0.152580  M/T=0.000000  Latency=0.004500ms
[2025-05-19 22:07:37.040] [info] [WS] Received 2061 bytes
[2025-05-19 22:07:37.040] [info] [WS] Pushed tick into queue
[2025-05-19 22:07:37.041] [info] [ModelLoop] Slippage=0.00000012  Impact=0.001279  Fees=0.151299  Net=0.152578  M/T=0.000000  Latency=0.004000ms
[2025-05-19 22:07:37.142] [info] [WS] Received 2064 bytes
[2025-05-19 22:07:37.142] [info] [WS] Pushed tick into queue
[2025-05-19 22:07:37.143] [info] [ModelLoop] Slippage=0.00000012  Impact=0.001281  Fees=0.151183  Net=0.152463  M/T=0.000000  Latency=0.004300ms
[2025-05-19 22:07:37.244] [info] [WS] Received 2065 bytes
[2025-05-19 22:07:37.244] [info] [WS] Pushed tick into queue
[2025-05-19 22:07:37.245] [info] [ModelLoop] Slippage=0.00000010  Impact=0.001253  Fees=0.149539  Net=0.150792  M/T=0.000000  Latency=0.004300ms
[2025-05-19 22:07:37.348] [info] [WS] Received 2070 bytes
[2025-05-19 22:07:37.349] [info] [WS] Pushed tick into queue
[2025-05-19 22:07:37.350] [info] [ModelLoop] Slippage=0.00000012  Impact=0.001278  Fees=0.151385  Net=0.152663  M/T=0.000000  Latency=0.004600ms
[2025-05-19 22:07:37.368] [info] [WS] Received 2069 bytes
[2025-05-19 22:07:37.368] [info] [WS] Pushed tick into queue
[2025-05-19 22:07:37.370] [info] [ModelLoop] Slippage=0.00000012  Impact=0.001276  Fees=0.151432  Net=0.152709  M/T=0.000000  Latency=0.004300ms
[2025-05-19 22:07:37.552] [info] [WS] Received 2071 bytes
[2025-05-19 22:07:37.552] [info] [WS] Pushed tick into queue
[2025-05-19 22:07:37.554] [info] [ModelLoop] Slippage=0.00000012  Impact=0.001276  Fees=0.151430  Net=0.152706  M/T=0.000000  Latency=0.005100ms
[2025-05-19 22:07:37.573] [info] [WS] Received 2070 bytes
[2025-05-19 22:07:37.573] [info] [WS] Pushed tick into queue
[2025-05-19 22:07:37.575] [info] [ModelLoop] Slippage=0.00000012  Impact=0.001289  Fees=0.151439  Net=0.152729  M/T=0.000000  Latency=0.004100ms
[2025-05-19 22:07:37.756] [info] [WS] Received 2067 bytes
[2025-05-19 22:07:37.757] [info] [WS] Pushed tick into queue
[2025-05-19 22:07:37.758] [info] [ModelLoop] Slippage=0.00000012  Impact=0.001302  Fees=0.152057  Net=0.153358  M/T=0.000000  Latency=0.004200ms
[2025-05-19 22:07:37.768] [info] [WS] Received 2068 bytes
[2025-05-19 22:07:37.768] [info] [WS] Pushed tick into queue
[2025-05-19 22:07:37.769] [info] [ModelLoop] Slippage=0.00000012  Impact=0.001492  Fees=0.164337  Net=0.165830  M/T=0.000000  Latency=0.004100ms
[2025-05-19 22:07:37.961] [info] [WS] Received 2068 bytes
[2025-05-19 22:07:37.961] [info] [WS] Pushed tick into queue
[2025-05-19 22:07:37.963] [info] [ModelLoop] Slippage=0.00000012  Impact=0.001492  Fees=0.164341  Net=0.165834  M/T=0.000000  Latency=0.004600ms
[2025-05-19 22:07:37.968] [info] [WS] Received 2069 bytes
[2025-05-19 22:07:37.968] [info] [WS] Pushed tick into queue
[2025-05-19 22:07:37.970] [info] [ModelLoop] Slippage=0.00000012  Impact=0.001484  Fees=0.164679  Net=0.166163  M/T=0.000000  Latency=0.004200ms
[2025-05-19 22:07:38.167] [info] [WS] Received 2068 bytes
[2025-05-19 22:07:38.167] [info] [WS] Pushed tick into queue
[2025-05-19 22:07:38.167] [info] [WS] Received 2066 bytes
[2025-05-19 22:07:38.167] [info] [WS] Pushed tick into queue
[2025-05-19 22:07:38.168] [info] [ModelLoop] Slippage=0.00000012  Impact=0.001484  Fees=0.164677  Net=0.166161  M/T=0.000000  Latency=0.004100ms
[2025-05-19 22:07:38.169] [info] [ModelLoop] Slippage=0.00000012  Impact=0.001494  Fees=0.164431  Net=0.165925  M/T=0.000000  Latency=0.002200ms
[2025-05-19 22:07:38.370] [info] [WS] Received 2067 bytes
[2025-05-19 22:07:38.370] [info] [WS] Pushed tick into queue
[2025-05-19 22:07:38.370] [info] [WS] Received 2067 bytes
[2025-05-19 22:07:38.370] [info] [WS] Pushed tick into queue
[2025-05-19 22:07:38.372] [info] [ModelLoop] Slippage=0.00000012  Impact=0.001494  Fees=0.164503  Net=0.165996  M/T=0.000000  Latency=0.004100ms
[2025-05-19 22:07:38.373] [info] [ModelLoop] Slippage=0.00000012  Impact=0.001479  Fees=0.163473  Net=0.164953  M/T=0.000000  Latency=0.002100ms
[2025-05-19 22:07:38.533] [info] [WS] Received 2069 bytes
[2025-05-19 22:07:38.533] [info] [WS] Pushed tick into queue
[2025-05-19 22:07:38.536] [info] [ModelLoop] Slippage=0.00000008  Impact=0.001021  Fees=0.160171  Net=0.161192  M/T=0.000000  Latency=0.006800ms
[2025-05-19 22:07:38.677] [info] [WS] Received 2070 bytes
[2025-05-19 22:07:38.678] [info] [WS] Pushed tick into queue
[2025-05-19 22:07:38.679] [info] [ModelLoop] Slippage=0.00000008  Impact=0.001016  Fees=0.159485  Net=0.160501  M/T=0.000000  Latency=0.035600ms
[2025-05-19 22:07:38.684] [info] [WS] Received 2063 bytes
[2025-05-19 22:07:38.684] [info] [WS] Pushed tick into queue
[2025-05-19 22:07:38.685] [info] [ModelLoop] Slippage=0.00000007  Impact=0.001084  Fees=0.173751  Net=0.174835  M/T=0.000000  Latency=0.003900ms
[2025-05-19 22:07:38.893] [info] [WS] Received 2070 bytes
[2025-05-19 22:07:38.894] [info] [WS] Pushed tick into queue
[2025-05-19 22:07:38.894] [info] [WS] Received 2079 bytes
[2025-05-19 22:07:38.894] [info] [WS] Pushed tick into queue
[2025-05-19 22:07:38.895] [info] [ModelLoop] Slippage=0.00000010  Impact=0.001112  Fees=0.159593  Net=0.160704  M/T=0.000000  Latency=0.005300ms
[2025-05-19 22:07:38.897] [info] [ModelLoop] Slippage=0.00000012  Impact=0.001128  Fees=0.161490  Net=0.162618  M/T=0.000000  Latency=0.003900ms
[2025-05-19 22:07:38.985] [info] [WS] Received 2067 bytes
[2025-05-19 22:07:38.985] [info] [WS] Pushed tick into queue
[2025-05-19 22:07:38.986] [info] [ModelLoop] Slippage=0.00000011  Impact=0.001143  Fees=0.160009  Net=0.161152  M/T=0.000000  Latency=0.004200ms
[2025-05-19 22:07:39.087] [info] [WS] Received 2068 bytes
[2025-05-19 22:07:39.087] [info] [WS] Pushed tick into queue
[2025-05-19 22:07:39.089] [info] [ModelLoop] Slippage=0.00000011  Impact=0.001144  Fees=0.159963  Net=0.161107  M/T=0.000000  Latency=0.003900ms
[2025-05-19 22:07:39.189] [info] [WS] Received 2071 bytes
[2025-05-19 22:07:39.189] [info] [WS] Pushed tick into queue
[2025-05-19 22:07:39.191] [info] [ModelLoop] Slippage=0.00000008  Impact=0.001068  Fees=0.165240  Net=0.166308  M/T=0.000000  Latency=0.004500ms
[2025-05-19 22:07:39.278] [info] [WS] Received 2060 bytes
[2025-05-19 22:07:39.278] [info] [WS] Pushed tick into queue
[2025-05-19 22:07:39.280] [info] [ModelLoop] Slippage=0.00000004  Impact=0.001058  Fees=0.182224  Net=0.183282  M/T=0.000000  Latency=0.004900ms
[2025-05-19 22:07:39.394] [info] [WS] Received 2064 bytes
[2025-05-19 22:07:39.394] [info] [WS] Pushed tick into queue
[2025-05-19 22:07:39.396] [info] [ModelLoop] Slippage=0.00000004  Impact=0.001046  Fees=0.180410  Net=0.181455  M/T=0.000000  Latency=0.004800ms
[2025-05-19 22:07:39.467] [info] [WS] Received 2063 bytes
[2025-05-19 22:07:39.468] [info] [WS] Pushed tick into queue
[2025-05-19 22:07:39.469] [info] [ModelLoop] Slippage=0.00000004  Impact=0.001034  Fees=0.180469  Net=0.181503  M/T=0.000000  Latency=0.004000ms
[2025-05-19 22:07:39.599] [info] [WS] Received 2064 bytes
[2025-05-19 22:07:39.599] [info] [WS] Pushed tick into queue
[2025-05-19 22:07:39.601] [info] [ModelLoop] Slippage=0.00000004  Impact=0.001033  Fees=0.180358  Net=0.181391  M/T=0.000000  Latency=0.004300ms
[2025-05-19 22:07:39.701] [info] [WS] Received 2066 bytes
[2025-05-19 22:07:39.701] [info] [WS] Pushed tick into queue
[2025-05-19 22:07:39.703] [info] [ModelLoop] Slippage=0.00000005  Impact=0.001023  Fees=0.175161  Net=0.176184  M/T=0.000000  Latency=0.004300ms
[2025-05-19 22:07:39.804] [info] [WS] Received 2063 bytes
[2025-05-19 22:07:39.804] [info] [WS] Pushed tick into queue
[2025-05-19 22:07:39.805] [info] [ModelLoop] Slippage=0.00000004  Impact=0.001047  Fees=0.180544  Net=0.181591  M/T=0.000000  Latency=0.004300ms
[2025-05-19 22:07:39.906] [info] [WS] Received 2063 bytes
[2025-05-19 22:07:39.906] [info] [WS] Pushed tick into queue
[2025-05-19 22:07:39.908] [info] [ModelLoop] Slippage=0.00000004  Impact=0.001048  Fees=0.180667  Net=0.181714  M/T=0.000000  Latency=0.004400ms
[2025-05-19 22:07:40.008] [info] [WS] Received 2064 bytes
[2025-05-19 22:07:40.009] [info] [WS] Pushed tick into queue
[2025-05-19 22:07:40.010] [info] [ModelLoop] Slippage=0.00000004  Impact=0.001047  Fees=0.180544  Net=0.181591  M/T=0.000000  Latency=0.004800ms
[2025-05-19 22:07:40.112] [info] [WS] Received 2064 bytes
[2025-05-19 22:07:40.113] [info] [WS] Pushed tick into queue
[2025-05-19 22:07:40.114] [info] [ModelLoop] Slippage=0.00000004  Impact=0.001033  Fees=0.176958  Net=0.177991  M/T=0.000000  Latency=0.004500ms
[2025-05-19 22:07:40.214] [info] [WS] Received 2058 bytes
[2025-05-19 22:07:40.214] [info] [WS] Pushed tick into queue
[2025-05-19 22:07:40.216] [info] [ModelLoop] Slippage=0.00000004  Impact=0.001060  Fees=0.175904  Net=0.176963  M/T=0.000000  Latency=0.004400ms
[2025-05-19 22:07:40.316] [info] [WS] Received 2059 bytes
[2025-05-19 22:07:40.316] [info] [WS] Pushed tick into queue
[2025-05-19 22:07:40.318] [info] [ModelLoop] Slippage=0.00000004  Impact=0.001062  Fees=0.175800  Net=0.176862  M/T=0.000000  Latency=0.004600ms
[2025-05-19 22:07:40.419] [info] [WS] Received 2057 bytes
[2025-05-19 22:07:40.420] [info] [WS] Pushed tick into queue
[2025-05-19 22:07:40.421] [info] [ModelLoop] Slippage=0.00000004  Impact=0.001054  Fees=0.175164  Net=0.176218  M/T=0.000000  Latency=0.004200ms
[2025-05-19 22:07:40.522] [info] [WS] Received 2060 bytes
[2025-05-19 22:07:40.522] [info] [WS] Pushed tick into queue
[2025-05-19 22:07:40.523] [info] [ModelLoop] Slippage=0.00000004  Impact=0.001062  Fees=0.175797  Net=0.176859  M/T=0.000000  Latency=0.004800ms
[2025-05-19 22:07:40.623] [info] [WS] Received 2064 bytes
[2025-05-19 22:07:40.623] [info] [WS] Pushed tick into queue
[2025-05-19 22:07:40.624] [info] [ModelLoop] Slippage=0.00000005  Impact=0.001077  Fees=0.177904  Net=0.178980  M/T=0.000000  Latency=0.004200ms
[2025-05-19 22:07:40.725] [info] [WS] Received 2059 bytes
[2025-05-19 22:07:40.725] [info] [WS] Pushed tick into queue
[2025-05-19 22:07:40.727] [info] [ModelLoop] Slippage=0.00000005  Impact=0.001042  Fees=0.173409  Net=0.174451  M/T=0.000000  Latency=0.004300ms
[2025-05-19 22:07:40.828] [info] [WS] Received 2065 bytes
[2025-05-19 22:07:40.828] [info] [WS] Pushed tick into queue
[2025-05-19 22:07:40.829] [info] [ModelLoop] Slippage=0.00000005  Impact=0.001032  Fees=0.173791  Net=0.174823  M/T=0.000000  Latency=0.005500ms
[2025-05-19 22:07:40.930] [info] [WS] Received 2062 bytes
[2025-05-19 22:07:40.930] [info] [WS] Pushed tick into queue
[2025-05-19 22:07:40.932] [info] [ModelLoop] Slippage=0.00000005  Impact=0.001033  Fees=0.173896  Net=0.174930  M/T=0.000000  Latency=0.004700ms
[2025-05-19 22:07:41.034] [info] [WS] Received 2057 bytes
[2025-05-19 22:07:41.034] [info] [WS] Pushed tick into queue
[2025-05-19 22:07:41.035] [info] [ModelLoop] Slippage=0.00000005  Impact=0.001042  Fees=0.161117  Net=0.162159  M/T=0.000000  Latency=0.004200ms
[2025-05-19 22:07:41.135] [info] [WS] Received 2053 bytes
[2025-05-19 22:07:41.135] [info] [WS] Pushed tick into queue
[2025-05-19 22:07:41.136] [info] [ModelLoop] Slippage=0.00000005  Impact=0.001056  Fees=0.162564  Net=0.163620  M/T=0.000000  Latency=0.004500ms
[2025-05-19 22:07:41.243] [info] [WS] Received 2057 bytes
[2025-05-19 22:07:41.243] [info] [WS] Pushed tick into queue
[2025-05-19 22:07:41.245] [info] [ModelLoop] Slippage=0.00000005  Impact=0.001069  Fees=0.167116  Net=0.168185  M/T=0.000000  Latency=0.006000ms
[2025-05-19 22:07:41.340] [info] [WS] Received 2062 bytes
[2025-05-19 22:07:41.340] [info] [WS] Pushed tick into queue
[2025-05-19 22:07:41.341] [info] [ModelLoop] Slippage=0.00000006  Impact=0.001079  Fees=0.170344  Net=0.171423  M/T=0.000000  Latency=0.004100ms
[2025-05-19 22:07:41.442] [info] [WS] Received 2061 bytes
[2025-05-19 22:07:41.442] [info] [WS] Pushed tick into queue
[2025-05-19 22:07:41.444] [info] [ModelLoop] Slippage=0.00000006  Impact=0.001095  Fees=0.171589  Net=0.172684  M/T=0.000000  Latency=0.003800ms
[2025-05-19 22:07:41.545] [info] [WS] Received 2060 bytes
[2025-05-19 22:07:41.545] [info] [WS] Pushed tick into queue
[2025-05-19 22:07:41.547] [info] [ModelLoop] Slippage=0.00000006  Impact=0.001095  Fees=0.171772  Net=0.172868  M/T=0.000000  Latency=0.005400ms
[2025-05-19 22:07:41.648] [info] [WS] Received 2079 bytes
[2025-05-19 22:07:41.648] [info] [WS] Pushed tick into queue
[2025-05-19 22:07:41.652] [info] [ModelLoop] Slippage=0.00000007  Impact=0.001145  Fees=0.192152  Net=0.193297  M/T=0.000000  Latency=0.006000ms
[2025-05-19 22:07:41.750] [info] [WS] Received 2080 bytes
[2025-05-19 22:07:41.750] [info] [WS] Pushed tick into queue
[2025-05-19 22:07:41.751] [info] [ModelLoop] Slippage=0.00000006  Impact=0.001207  Fees=0.188081  Net=0.189289  M/T=0.000000  Latency=0.003900ms
[2025-05-19 22:07:41.856] [info] [WS] Received 2075 bytes
[2025-05-19 22:07:41.856] [info] [WS] Pushed tick into queue
[2025-05-19 22:07:41.858] [info] [ModelLoop] Slippage=0.00000007  Impact=0.001257  Fees=0.190716  Net=0.191974  M/T=0.000000  Latency=0.005700ms
[2025-05-19 22:07:41.872] [info] [WS] Received 2078 bytes
[2025-05-19 22:07:41.872] [info] [WS] Pushed tick into queue
[2025-05-19 22:07:41.875] [info] [ModelLoop] Slippage=0.00000007  Impact=0.001214  Fees=0.191545  Net=0.192759  M/T=0.000000  Latency=0.009800ms
[2025-05-19 22:07:42.057] [info] [WS] Received 2079 bytes
[2025-05-19 22:07:42.057] [info] [WS] Pushed tick into queue
[2025-05-19 22:07:42.059] [info] [ModelLoop] Slippage=0.00000007  Impact=0.001145  Fees=0.183146  Net=0.184291  M/T=0.000000  Latency=0.005400ms
[2025-05-19 22:07:42.070] [info] [WS] Received 2076 bytes
[2025-05-19 22:07:42.070] [info] [WS] Pushed tick into queue
[2025-05-19 22:07:42.073] [info] [ModelLoop] Slippage=0.00000007  Impact=0.001168  Fees=0.189194  Net=0.190362  M/T=0.000000  Latency=0.005700ms
[2025-05-19 22:07:42.261] [info] [WS] Received 2076 bytes
[2025-05-19 22:07:42.262] [info] [WS] Pushed tick into queue
[2025-05-19 22:07:42.263] [info] [ModelLoop] Slippage=0.00000007  Impact=0.001196  Fees=0.184882  Net=0.186078  M/T=0.000000  Latency=0.004500ms
[2025-05-19 22:07:42.269] [info] [WS] Received 2077 bytes
[2025-05-19 22:07:42.269] [info] [WS] Pushed tick into queue
[2025-05-19 22:07:42.270] [info] [ModelLoop] Slippage=0.00000007  Impact=0.001196  Fees=0.183586  Net=0.184782  M/T=0.000000  Latency=0.004800ms
[2025-05-19 22:07:42.466] [info] [WS] Received 2079 bytes
[2025-05-19 22:07:42.466] [info] [WS] Pushed tick into queue
[2025-05-19 22:07:42.468] [info] [ModelLoop] Slippage=0.00000007  Impact=0.001168  Fees=0.180216  Net=0.181384  M/T=0.000000  Latency=0.004500ms
[2025-05-19 22:07:42.473] [info] [WS] Received 2077 bytes
[2025-05-19 22:07:42.473] [info] [WS] Pushed tick into queue
[2025-05-19 22:07:42.474] [info] [ModelLoop] Slippage=0.00000006  Impact=0.001166  Fees=0.178490  Net=0.179656  M/T=0.000000  Latency=0.004400ms
[2025-05-19 22:07:42.672] [info] [WS] Received 2076 bytes
[2025-05-19 22:07:42.672] [info] [WS] Pushed tick into queue
[2025-05-19 22:07:42.673] [info] [ModelLoop] Slippage=0.00000006  Impact=0.001179  Fees=0.176538  Net=0.177718  M/T=0.000000  Latency=0.005000ms
[2025-05-19 22:07:42.673] [info] [WS] Received 2071 bytes
[2025-05-19 22:07:42.673] [info] [WS] Pushed tick into queue
[2025-05-19 22:07:42.675] [info] [ModelLoop] Slippage=0.00000006  Impact=0.001131  Fees=0.165859  Net=0.166990  M/T=0.000000  Latency=0.003300ms
[2025-05-19 22:07:42.907] [info] [WS] Received 2074 bytes
[2025-05-19 22:07:42.908] [info] [WS] Pushed tick into queue
[2025-05-19 22:07:42.909] [info] [ModelLoop] Slippage=0.00000006  Impact=0.001097  Fees=0.164835  Net=0.165932  M/T=0.000000  Latency=0.004400ms
[2025-05-19 22:07:43.081] [info] [WS] Received 2073 bytes
[2025-05-19 22:07:43.081] [info] [WS] Pushed tick into queue
[2025-05-19 22:07:43.081] [info] [WS] Received 2071 bytes
[2025-05-19 22:07:43.081] [info] [WS] Pushed tick into queue
[2025-05-19 22:07:43.085] [info] [ModelLoop] Slippage=0.00000006  Impact=0.001097  Fees=0.164835  Net=0.165932  M/T=0.000000  Latency=0.007100ms
[2025-05-19 22:07:43.088] [info] [ModelLoop] Slippage=0.00000006  Impact=0.001118  Fees=0.163691  Net=0.164809  M/T=0.000000  Latency=0.006600ms
[2025-05-19 22:07:43.102] [info] [WS] Received 2071 bytes
[2025-05-19 22:07:43.102] [info] [WS] Pushed tick into queue
[2025-05-19 22:07:43.105] [info] [ModelLoop] Slippage=0.00000006  Impact=0.001118  Fees=0.163689  Net=0.164808  M/T=0.000000  Latency=0.007400ms
[2025-05-19 22:07:43.183] [info] [WS] Received 2071 bytes
[2025-05-19 22:07:43.183] [info] [WS] Pushed tick into queue
[2025-05-19 22:07:43.186] [info] [ModelLoop] Slippage=0.00000006  Impact=0.001121  Fees=0.163518  Net=0.164639  M/T=0.000000  Latency=0.007900ms
[2025-05-19 22:07:43.387] [info] [WS] Received 2072 bytes
[2025-05-19 22:07:43.388] [info] [WS] Pushed tick into queue
[2025-05-19 22:07:43.388] [info] [WS] Received 2072 bytes
[2025-05-19 22:07:43.388] [info] [WS] Pushed tick into queue
[2025-05-19 22:07:43.390] [info] [ModelLoop] Slippage=0.00000006  Impact=0.001124  Fees=0.163502  Net=0.164626  M/T=0.000000  Latency=0.006500ms
[2025-05-19 22:07:43.392] [info] [ModelLoop] Slippage=0.00000006  Impact=0.001143  Fees=0.165314  Net=0.166457  M/T=0.000000  Latency=0.004500ms
[2025-05-19 22:07:43.490] [info] [WS] Received 2070 bytes
[2025-05-19 22:07:43.490] [info] [WS] Pushed tick into queue
[2025-05-19 22:07:43.493] [info] [ModelLoop] Slippage=0.00000006  Impact=0.001144  Fees=0.165407  Net=0.166552  M/T=0.000000  Latency=0.007200ms
[2025-05-19 22:07:43.592] [info] [WS] Received 2071 bytes
[2025-05-19 22:07:43.593] [info] [WS] Pushed tick into queue
[2025-05-19 22:07:43.595] [info] [ModelLoop] Slippage=0.00000006  Impact=0.001144  Fees=0.165394  Net=0.166538  M/T=0.000000  Latency=0.007000ms
[2025-05-19 22:07:43.695] [info] [WS] Received 2064 bytes
[2025-05-19 22:07:43.695] [info] [WS] Pushed tick into queue
[2025-05-19 22:07:43.698] [info] [ModelLoop] Slippage=0.00000010  Impact=0.001334  Fees=0.152753  Net=0.154088  M/T=0.000000  Latency=0.007000ms
[2025-05-19 22:07:43.797] [info] [WS] Received 2067 bytes
[2025-05-19 22:07:43.797] [info] [WS] Pushed tick into queue
[2025-05-19 22:07:43.799] [info] [ModelLoop] Slippage=0.00000011  Impact=0.001234  Fees=0.144491  Net=0.145726  M/T=0.000000  Latency=0.006700ms
[2025-05-19 22:07:44.003] [info] [WS] Received 2066 bytes
[2025-05-19 22:07:44.003] [info] [WS] Pushed tick into queue
[2025-05-19 22:07:44.003] [info] [WS] Received 2064 bytes
[2025-05-19 22:07:44.003] [info] [WS] Pushed tick into queue
[2025-05-19 22:07:44.005] [info] [ModelLoop] Slippage=0.00000012  Impact=0.001254  Fees=0.146588  Net=0.147843  M/T=0.000000  Latency=0.055300ms
[2025-05-19 22:07:44.008] [info] [ModelLoop] Slippage=0.00000011  Impact=0.001233  Fees=0.146836  Net=0.148069  M/T=0.000000  Latency=0.005900ms
[2025-05-19 22:07:44.104] [info] [WS] Received 2065 bytes
[2025-05-19 22:07:44.104] [info] [WS] Pushed tick into queue
[2025-05-19 22:07:44.106] [info] [ModelLoop] Slippage=0.00000011  Impact=0.001234  Fees=0.147328  Net=0.148562  M/T=0.000000  Latency=0.006600ms
[2025-05-19 22:07:44.309] [info] [WS] Received 2064 bytes
[2025-05-19 22:07:44.309] [info] [WS] Pushed tick into queue
[2025-05-19 22:07:44.309] [info] [WS] Received 2065 bytes
[2025-05-19 22:07:44.309] [info] [WS] Pushed tick into queue
[2025-05-19 22:07:44.312] [info] [ModelLoop] Slippage=0.00000011  Impact=0.001230  Fees=0.147558  Net=0.148788  M/T=0.000000  Latency=0.006600ms
[2025-05-19 22:07:44.315] [info] [ModelLoop] Slippage=0.00000011  Impact=0.001213  Fees=0.149022  Net=0.150235  M/T=0.000000  Latency=0.007100ms
[2025-05-19 22:07:44.411] [info] [WS] Received 2065 bytes
[2025-05-19 22:07:44.411] [info] [WS] Pushed tick into queue
[2025-05-19 22:07:44.416] [info] [ModelLoop] Slippage=0.00000011  Impact=0.001209  Fees=0.149076  Net=0.150286  M/T=0.000000  Latency=0.011300ms
[2025-05-19 22:07:44.523] [info] [WS] Received 2066 bytes
[2025-05-19 22:07:44.523] [info] [WS] Pushed tick into queue
[2025-05-19 22:07:44.528] [info] [ModelLoop] Slippage=0.00000011  Impact=0.001207  Fees=0.149061  Net=0.150268  M/T=0.000000  Latency=0.011400ms
[2025-05-19 22:07:44.622] [info] [WS] Received 2065 bytes
[2025-05-19 22:07:44.622] [info] [WS] Pushed tick into queue
[2025-05-19 22:07:44.627] [info] [ModelLoop] Slippage=0.00000011  Impact=0.001214  Fees=0.149560  Net=0.150774  M/T=0.000000  Latency=0.036300ms
[2025-05-19 22:07:44.726] [info] [WS] Received 2066 bytes
[2025-05-19 22:07:44.727] [info] [WS] Pushed tick into queue
[2025-05-19 22:07:44.729] [info] [ModelLoop] Slippage=0.00000008  Impact=0.001161  Fees=0.159723  Net=0.160884  M/T=0.000000  Latency=0.008000ms
[2025-05-19 22:07:44.825] [info] [WS] Received 2068 bytes
[2025-05-19 22:07:44.825] [info] [WS] Pushed tick into queue
[2025-05-19 22:07:44.828] [info] [ModelLoop] Slippage=0.00000008  Impact=0.001153  Fees=0.160177  Net=0.161330  M/T=0.000000  Latency=0.007100ms
[2025-05-19 22:07:45.040] [info] [WS] Received 2069 bytes
[2025-05-19 22:07:45.040] [info] [WS] Pushed tick into queue
[2025-05-19 22:07:45.040] [info] [WS] Received 2071 bytes
[2025-05-19 22:07:45.041] [info] [WS] Pushed tick into queue
[2025-05-19 22:07:45.045] [info] [ModelLoop] Slippage=0.00000008  Impact=0.001152  Fees=0.160088  Net=0.161240  M/T=0.000000  Latency=0.011000ms
[2025-05-19 22:07:45.050] [info] [ModelLoop] Slippage=0.00000008  Impact=0.001119  Fees=0.162263  Net=0.163382  M/T=0.000000  Latency=0.006200ms
[2025-05-19 22:07:45.134] [info] [WS] Received 2071 bytes
[2025-05-19 22:07:45.134] [info] [WS] Pushed tick into queue
[2025-05-19 22:07:45.136] [info] [ModelLoop] Slippage=0.00000008  Impact=0.001128  Fees=0.161139  Net=0.162267  M/T=0.000000  Latency=0.007200ms
[2025-05-19 22:07:45.178] [info] [WS] Received 2071 bytes
[2025-05-19 22:07:45.179] [info] [WS] Pushed tick into queue
[2025-05-19 22:07:45.181] [info] [ModelLoop] Slippage=0.00000008  Impact=0.001156  Fees=0.159477  Net=0.160633  M/T=0.000000  Latency=0.006700ms
[2025-05-19 22:07:45.332] [info] [WS] Received 2073 bytes
[2025-05-19 22:07:45.332] [info] [WS] Pushed tick into queue
[2025-05-19 22:07:45.335] [info] [ModelLoop] Slippage=0.00000008  Impact=0.001149  Fees=0.158899  Net=0.160049  M/T=0.000000  Latency=0.007100ms
[2025-05-19 22:07:45.436] [info] [WS] Received 2042 bytes
[2025-05-19 22:07:45.436] [info] [WS] Pushed tick into queue
[2025-05-19 22:07:45.438] [info] [ModelLoop] Slippage=0.00001758  Impact=0.001317  Fees=0.160127  Net=0.161462  M/T=0.000000  Latency=0.006700ms
[2025-05-19 22:07:45.538] [info] [WS] Received 2059 bytes
[2025-05-19 22:07:45.538] [info] [WS] Pushed tick into queue
[2025-05-19 22:07:45.541] [info] [ModelLoop] Slippage=0.00000009  Impact=0.001297  Fees=0.164451  Net=0.165749  M/T=0.000000  Latency=0.065500ms
[2025-05-19 22:07:45.641] [info] [WS] Received 2049 bytes
[2025-05-19 22:07:45.641] [info] [WS] Pushed tick into queue
[2025-05-19 22:07:45.645] [info] [ModelLoop] Slippage=0.00000009  Impact=0.001270  Fees=0.169995  Net=0.171266  M/T=0.000000  Latency=0.010900ms
[2025-05-19 22:07:45.754] [info] [WS] Received 2047 bytes
[2025-05-19 22:07:45.754] [info] [WS] Pushed tick into queue
[2025-05-19 22:07:45.758] [info] [ModelLoop] Slippage=0.00000009  Impact=0.001246  Fees=0.149082  Net=0.150328  M/T=0.000000  Latency=0.006800ms
[2025-05-19 22:07:45.845] [info] [WS] Received 2048 bytes
[2025-05-19 22:07:45.845] [info] [WS] Pushed tick into queue
[2025-05-19 22:07:45.848] [info] [ModelLoop] Slippage=0.00000010  Impact=0.001198  Fees=0.138518  Net=0.139716  M/T=0.000000  Latency=0.007800ms
[2025-05-19 22:07:45.948] [info] [WS] Received 2057 bytes
[2025-05-19 22:07:45.948] [info] [WS] Pushed tick into queue
[2025-05-19 22:07:45.953] [info] [ModelLoop] Slippage=0.00000006  Impact=0.000967  Fees=0.125168  Net=0.126135  M/T=0.000000  Latency=0.011300ms
[2025-05-19 22:07:46.050] [info] [WS] Received 2057 bytes
[2025-05-19 22:07:46.050] [info] [WS] Pushed tick into queue
[2025-05-19 22:07:46.054] [info] [ModelLoop] Slippage=0.00000008  Impact=0.001113  Fees=0.125934  Net=0.127047  M/T=0.000000  Latency=0.010100ms
[2025-05-19 22:07:46.152] [info] [WS] Received 2060 bytes
[2025-05-19 22:07:46.152] [info] [WS] Pushed tick into queue
[2025-05-19 22:07:46.157] [info] [ModelLoop] Slippage=0.00000007  Impact=0.000990  Fees=0.125481  Net=0.126471  M/T=0.000000  Latency=0.010700ms
[2025-05-19 22:07:46.167] [info] [WS] Received 2062 bytes
[2025-05-19 22:07:46.167] [info] [WS] Pushed tick into queue
[2025-05-19 22:07:46.172] [info] [ModelLoop] Slippage=0.00000007  Impact=0.000998  Fees=0.127363  Net=0.128361  M/T=0.000000  Latency=0.011500ms
[2025-05-19 22:07:46.357] [info] [WS] Received 2068 bytes
[2025-05-19 22:07:46.357] [info] [WS] Pushed tick into queue
[2025-05-19 22:07:46.360] [info] [ModelLoop] Slippage=0.00000007  Impact=0.001029  Fees=0.126825  Net=0.127854  M/T=0.000000  Latency=0.007500ms
[2025-05-19 22:07:46.367] [info] [WS] Received 2069 bytes
[2025-05-19 22:07:46.367] [info] [WS] Pushed tick into queue
[2025-05-19 22:07:46.371] [info] [ModelLoop] Slippage=0.00000006  Impact=0.001024  Fees=0.127425  Net=0.128449  M/T=0.000000  Latency=0.011300ms
[2025-05-19 22:07:46.562] [info] [WS] Received 2073 bytes
[2025-05-19 22:07:46.562] [info] [WS] Pushed tick into queue
[2025-05-19 22:07:46.565] [info] [ModelLoop] Slippage=0.00000005  Impact=0.000908  Fees=0.122134  Net=0.123042  M/T=0.000000  Latency=0.007100ms
[2025-05-19 22:07:46.570] [info] [WS] Received 2072 bytes
[2025-05-19 22:07:46.570] [info] [WS] Pushed tick into queue
[2025-05-19 22:07:46.573] [info] [ModelLoop] Slippage=0.00000005  Impact=0.000931  Fees=0.121481  Net=0.122412  M/T=0.000000  Latency=0.007800ms
[2025-05-19 22:07:46.766] [info] [WS] Received 2070 bytes
[2025-05-19 22:07:46.767] [info] [WS] Pushed tick into queue
[2025-05-19 22:07:46.767] [info] [WS] Received 2070 bytes
[2025-05-19 22:07:46.767] [info] [WS] Pushed tick into queue
[2025-05-19 22:07:46.771] [info] [ModelLoop] Slippage=0.00000005  Impact=0.000946  Fees=0.119542  Net=0.120487  M/T=0.000000  Latency=0.010900ms
[2025-05-19 22:07:46.777] [info] [ModelLoop] Slippage=0.00000005  Impact=0.000919  Fees=0.123286  Net=0.124205  M/T=0.000000  Latency=0.009800ms
[2025-05-19 22:07:46.971] [info] [WS] Received 2069 bytes
[2025-05-19 22:07:46.971] [info] [WS] Pushed tick into queue
[2025-05-19 22:07:46.972] [info] [WS] Received 2073 bytes
[2025-05-19 22:07:46.972] [info] [WS] Pushed tick into queue
[2025-05-19 22:07:46.975] [info] [ModelLoop] Slippage=0.00000005  Impact=0.000930  Fees=0.121768  Net=0.122698  M/T=0.000000  Latency=0.006600ms
[2025-05-19 22:07:46.978] [info] [ModelLoop] Slippage=0.00000005  Impact=0.000908  Fees=0.122647  Net=0.123556  M/T=0.000000  Latency=0.011000ms
[2025-05-19 22:07:47.074] [info] [WS] Received 2078 bytes
[2025-05-19 22:07:47.074] [info] [WS] Pushed tick into queue
[2025-05-19 22:07:47.077] [info] [ModelLoop] Slippage=0.00000005  Impact=0.000900  Fees=0.123846  Net=0.124747  M/T=0.000000  Latency=0.009700ms
[2025-05-19 22:07:47.176] [info] [WS] Received 2079 bytes
[2025-05-19 22:07:47.176] [info] [WS] Pushed tick into queue
[2025-05-19 22:07:47.179] [info] [ModelLoop] Slippage=0.00000005  Impact=0.000902  Fees=0.123690  Net=0.124592  M/T=0.000000  Latency=0.006900ms
[2025-05-19 22:07:47.279] [info] [WS] Received 2080 bytes
[2025-05-19 22:07:47.279] [info] [WS] Pushed tick into queue
[2025-05-19 22:07:47.282] [info] [ModelLoop] Slippage=0.00000005  Impact=0.000920  Fees=0.125714  Net=0.126634  M/T=0.000000  Latency=0.007300ms
[2025-05-19 22:07:47.387] [info] [WS] Received 2078 bytes
[2025-05-19 22:07:47.387] [info] [WS] Pushed tick into queue
[2025-05-19 22:07:47.391] [info] [ModelLoop] Slippage=0.00000005  Impact=0.000945  Fees=0.126136  Net=0.127081  M/T=0.000000  Latency=0.009500ms
[2025-05-19 22:07:47.586] [info] [WS] Received 2051 bytes
[2025-05-19 22:07:47.586] [info] [WS] Pushed tick into queue
[2025-05-19 22:07:47.586] [info] [WS] Received 2046 bytes
[2025-05-19 22:07:47.586] [info] [WS] Pushed tick into queue
[2025-05-19 22:07:47.589] [info] [ModelLoop] Slippage=0.00000009  Impact=0.001374  Fees=0.171726  Net=0.173100  M/T=0.000000  Latency=0.007100ms
[2025-05-19 22:07:47.592] [info] [ModelLoop] Slippage=0.00000007  Impact=0.001229  Fees=0.168315  Net=0.169544  M/T=0.000000  Latency=0.006600ms
[2025-05-19 22:07:47.688] [info] [WS] Received 2062 bytes
[2025-05-19 22:07:47.688] [info] [WS] Pushed tick into queue
[2025-05-19 22:07:47.691] [info] [ModelLoop] Slippage=0.00000005  Impact=0.000978  Fees=0.176366  Net=0.177344  M/T=0.000000  Latency=0.007200ms
[2025-05-19 22:07:47.791] [info] [WS] Received 2067 bytes
[2025-05-19 22:07:47.791] [info] [WS] Pushed tick into queue
[2025-05-19 22:07:47.795] [info] [ModelLoop] Slippage=0.00000004  Impact=0.000928  Fees=0.170940  Net=0.171868  M/T=0.000000  Latency=0.006600ms
[2025-05-19 22:07:47.893] [info] [WS] Received 2062 bytes
[2025-05-19 22:07:47.893] [info] [WS] Pushed tick into queue
[2025-05-19 22:07:47.897] [info] [ModelLoop] Slippage=0.00000004  Impact=0.001003  Fees=0.172725  Net=0.173728  M/T=0.000000  Latency=0.010900ms
[2025-05-19 22:07:47.967] [info] [WS] Received 2065 bytes
[2025-05-19 22:07:47.967] [info] [WS] Pushed tick into queue
[2025-05-19 22:07:47.972] [info] [ModelLoop] Slippage=0.00000005  Impact=0.001017  Fees=0.174829  Net=0.175846  M/T=0.000000  Latency=0.010600ms
[2025-05-19 22:07:48.098] [info] [WS] Received 2065 bytes
[2025-05-19 22:07:48.098] [info] [WS] Pushed tick into queue
[2025-05-19 22:07:48.101] [info] [ModelLoop] Slippage=0.00000005  Impact=0.000987  Fees=0.171208  Net=0.172195  M/T=0.000000  Latency=0.006800ms
[2025-05-19 22:07:48.202] [info] [WS] Received 2060 bytes
[2025-05-19 22:07:48.202] [info] [WS] Pushed tick into queue
[2025-05-19 22:07:48.207] [info] [ModelLoop] Slippage=0.00000006  Impact=0.001083  Fees=0.164836  Net=0.165919  M/T=0.000000  Latency=0.010900ms
[2025-05-19 22:07:48.305] [info] [WS] Received 2082 bytes
[2025-05-19 22:07:48.305] [info] [WS] Pushed tick into queue
[2025-05-19 22:07:48.308] [info] [ModelLoop] Slippage=0.00000010  Impact=0.000644  Fees=0.184352  Net=0.184996  M/T=0.000000  Latency=0.007700ms
[2025-05-19 22:07:48.507] [info] [WS] Received 2079 bytes
[2025-05-19 22:07:48.508] [info] [WS] Pushed tick into queue
[2025-05-19 22:07:48.508] [info] [WS] Received 2073 bytes
[2025-05-19 22:07:48.508] [info] [WS] Pushed tick into queue
[2025-05-19 22:07:48.511] [info] [ModelLoop] Slippage=0.00000006  Impact=0.000630  Fees=0.185415  Net=0.186045  M/T=0.000000  Latency=0.007200ms
[2025-05-19 22:07:48.514] [info] [ModelLoop] Slippage=0.00000006  Impact=0.000646  Fees=0.186407  Net=0.187052  M/T=0.000000  Latency=0.006700ms
[2025-05-19 22:07:48.610] [info] [WS] Received 2072 bytes
[2025-05-19 22:07:48.610] [info] [WS] Pushed tick into queue
[2025-05-19 22:07:48.614] [info] [ModelLoop] Slippage=0.00000006  Impact=0.000648  Fees=0.185244  Net=0.185892  M/T=0.000000  Latency=0.009900ms
[2025-05-19 22:07:48.712] [info] [WS] Received 2074 bytes
[2025-05-19 22:07:48.713] [info] [WS] Pushed tick into queue
[2025-05-19 22:07:48.717] [info] [ModelLoop] Slippage=0.00000007  Impact=0.000641  Fees=0.181996  Net=0.182637  M/T=0.000000  Latency=0.011100ms
[2025-05-19 22:07:48.815] [info] [WS] Received 2074 bytes
[2025-05-19 22:07:48.815] [info] [WS] Pushed tick into queue
[2025-05-19 22:07:48.817] [info] [ModelLoop] Slippage=0.00000007  Impact=0.000640  Fees=0.181708  Net=0.182348  M/T=0.000000  Latency=0.006800ms
[2025-05-19 22:07:48.917] [info] [WS] Received 2072 bytes
[2025-05-19 22:07:48.918] [info] [WS] Pushed tick into queue
[2025-05-19 22:07:48.923] [info] [ModelLoop] Slippage=0.00000007  Impact=0.000639  Fees=0.181632  Net=0.182271  M/T=0.000000  Latency=0.011300ms
[2025-05-19 22:07:49.021] [info] [WS] Received 2073 bytes
[2025-05-19 22:07:49.021] [info] [WS] Pushed tick into queue
[2025-05-19 22:07:49.024] [info] [ModelLoop] Slippage=0.00000007  Impact=0.000643  Fees=0.182282  Net=0.182925  M/T=0.000000  Latency=0.006400ms
[2025-05-19 22:07:49.122] [info] [WS] Received 2070 bytes
[2025-05-19 22:07:49.122] [info] [WS] Pushed tick into queue
[2025-05-19 22:07:49.126] [info] [ModelLoop] Slippage=0.00000007  Impact=0.000645  Fees=0.182552  Net=0.183198  M/T=0.000000  Latency=0.010000ms
[2025-05-19 22:07:49.226] [info] [WS] Received 2073 bytes
[2025-05-19 22:07:49.226] [info] [WS] Pushed tick into queue
[2025-05-19 22:07:49.228] [info] [ModelLoop] Slippage=0.00000007  Impact=0.000646  Fees=0.182707  Net=0.183353  M/T=0.000000  Latency=0.006800ms
[2025-05-19 22:07:49.328] [info] [WS] Received 2072 bytes
[2025-05-19 22:07:49.328] [info] [WS] Pushed tick into queue
[2025-05-19 22:07:49.331] [info] [ModelLoop] Slippage=0.00000009  Impact=0.000670  Fees=0.188625  Net=0.189295  M/T=0.000000  Latency=0.007200ms
[2025-05-19 22:07:49.430] [info] [WS] Received 2070 bytes
[2025-05-19 22:07:49.430] [info] [WS] Pushed tick into queue
[2025-05-19 22:07:49.433] [info] [ModelLoop] Slippage=0.00000009  Impact=0.000666  Fees=0.188260  Net=0.188926  M/T=0.000000  Latency=0.007600ms
[2025-05-19 22:07:49.532] [info] [WS] Received 2071 bytes
[2025-05-19 22:07:49.533] [info] [WS] Pushed tick into queue
[2025-05-19 22:07:49.535] [info] [ModelLoop] Slippage=0.00000008  Impact=0.000656  Fees=0.185974  Net=0.186630  M/T=0.000000  Latency=0.007200ms
[2025-05-19 22:07:49.635] [info] [WS] Received 2073 bytes
[2025-05-19 22:07:49.635] [info] [WS] Pushed tick into queue
[2025-05-19 22:07:49.637] [info] [ModelLoop] Slippage=0.00000007  Impact=0.000633  Fees=0.180388  Net=0.181021  M/T=0.000000  Latency=0.007400ms
[2025-05-19 22:07:49.737] [info] [WS] Received 2065 bytes
[2025-05-19 22:07:49.737] [info] [WS] Pushed tick into queue
[2025-05-19 22:07:49.739] [info] [ModelLoop] Slippage=0.00000008  Impact=0.000660  Fees=0.184520  Net=0.185180  M/T=0.000000  Latency=0.006400ms
[2025-05-19 22:07:49.839] [info] [WS] Received 2067 bytes
[2025-05-19 22:07:49.839] [info] [WS] Pushed tick into queue
[2025-05-19 22:07:49.842] [info] [ModelLoop] Slippage=0.00000007  Impact=0.000648  Fees=0.181814  Net=0.182462  M/T=0.000000  Latency=0.007400ms
[2025-05-19 22:07:49.951] [info] [WS] Received 2070 bytes
[2025-05-19 22:07:49.951] [info] [WS] Pushed tick into queue
[2025-05-19 22:07:49.953] [info] [ModelLoop] Slippage=0.00000008  Impact=0.000641  Fees=0.182442  Net=0.183084  M/T=0.000000  Latency=0.007600ms
[2025-05-19 22:07:50.149] [info] [WS] Received 2067 bytes
[2025-05-19 22:07:50.149] [info] [WS] Pushed tick into queue
[2025-05-19 22:07:50.149] [info] [WS] Received 2059 bytes
[2025-05-19 22:07:50.149] [info] [WS] Pushed tick into queue
[2025-05-19 22:07:50.151] [info] [ModelLoop] Slippage=0.00000007  Impact=0.000639  Fees=0.180932  Net=0.181571  M/T=0.000000  Latency=0.007300ms
[2025-05-19 22:07:50.154] [info] [ModelLoop] Slippage=0.00000007  Impact=0.000657  Fees=0.181460  Net=0.182117  M/T=0.000000  Latency=0.006400ms
[2025-05-19 22:07:50.251] [info] [WS] Received 2070 bytes
[2025-05-19 22:07:50.251] [info] [WS] Pushed tick into queue
[2025-05-19 22:07:50.253] [info] [ModelLoop] Slippage=0.00000008  Impact=0.000665  Fees=0.179533  Net=0.180198  M/T=0.000000  Latency=0.010700ms
[2025-05-19 22:07:50.266] [info] [WS] Received 2075 bytes
[2025-05-19 22:07:50.267] [info] [WS] Pushed tick into queue
[2025-05-19 22:07:50.269] [info] [ModelLoop] Slippage=0.00000009  Impact=0.000653  Fees=0.179319  Net=0.179972  M/T=0.000000  Latency=0.008300ms
[2025-05-19 22:07:50.455] [info] [WS] Received 2075 bytes
[2025-05-19 22:07:50.455] [info] [WS] Pushed tick into queue
[2025-05-19 22:07:50.457] [info] [ModelLoop] Slippage=0.00000010  Impact=0.000653  Fees=0.179371  Net=0.180024  M/T=0.000000  Latency=0.007200ms
[2025-05-19 22:07:50.470] [info] [WS] Received 2074 bytes
[2025-05-19 22:07:50.471] [info] [WS] Pushed tick into queue
[2025-05-19 22:07:50.473] [info] [ModelLoop] Slippage=0.00000009  Impact=0.000657  Fees=0.179069  Net=0.179727  M/T=0.000000  Latency=0.006700ms
[2025-05-19 22:07:50.658] [info] [WS] Received 2076 bytes
[2025-05-19 22:07:50.658] [info] [WS] Pushed tick into queue
[2025-05-19 22:07:50.661] [info] [ModelLoop] Slippage=0.00000007  Impact=0.000658  Fees=0.179093  Net=0.179751  M/T=0.000000  Latency=0.006800ms
[2025-05-19 22:07:50.681] [info] [WS] Received 2069 bytes
[2025-05-19 22:07:50.681] [info] [WS] Pushed tick into queue
[2025-05-19 22:07:50.685] [info] [ModelLoop] Slippage=0.00000010  Impact=0.000686  Fees=0.185521  Net=0.186207  M/T=0.000000  Latency=0.006100ms
[2025-05-19 22:07:50.863] [info] [WS] Received 2072 bytes
[2025-05-19 22:07:50.863] [info] [WS] Pushed tick into queue
[2025-05-19 22:07:50.865] [info] [ModelLoop] Slippage=0.00000010  Impact=0.000681  Fees=0.185528  Net=0.186209  M/T=0.000000  Latency=0.006700ms
[2025-05-19 22:07:50.872] [info] [WS] Received 2071 bytes
[2025-05-19 22:07:50.872] [info] [WS] Pushed tick into queue
[2025-05-19 22:07:50.874] [info] [ModelLoop] Slippage=0.00000010  Impact=0.000669  Fees=0.182765  Net=0.183434  M/T=0.000000  Latency=0.033900ms
[2025-05-19 22:07:51.068] [info] [WS] Received 2070 bytes
[2025-05-19 22:07:51.068] [info] [WS] Pushed tick into queue
[2025-05-19 22:07:51.068] [info] [WS] Received 2075 bytes
[2025-05-19 22:07:51.068] [info] [WS] Pushed tick into queue
[2025-05-19 22:07:51.070] [info] [ModelLoop] Slippage=0.00000010  Impact=0.000667  Fees=0.183229  Net=0.183897  M/T=0.000000  Latency=0.007100ms
[2025-05-19 22:07:51.073] [info] [ModelLoop] Slippage=0.00000010  Impact=0.000663  Fees=0.182811  Net=0.183474  M/T=0.000000  Latency=0.006500ms
[2025-05-19 22:07:51.170] [info] [WS] Received 2076 bytes
[2025-05-19 22:07:51.170] [info] [WS] Pushed tick into queue
[2025-05-19 22:07:51.173] [info] [ModelLoop] Slippage=0.00000009  Impact=0.000661  Fees=0.181874  Net=0.182535  M/T=0.000000  Latency=0.007500ms
[2025-05-19 22:07:51.274] [info] [WS] Received 2076 bytes
[2025-05-19 22:07:51.274] [info] [WS] Pushed tick into queue
[2025-05-19 22:07:51.277] [info] [ModelLoop] Slippage=0.00000009  Impact=0.000663  Fees=0.181806  Net=0.182469  M/T=0.000000  Latency=0.007500ms
[2025-05-19 22:07:51.477] [info] [WS] Received 2070 bytes
[2025-05-19 22:07:51.477] [info] [WS] Pushed tick into queue
[2025-05-19 22:07:51.478] [info] [WS] Received 2072 bytes
[2025-05-19 22:07:51.478] [info] [WS] Pushed tick into queue
[2025-05-19 22:07:51.480] [info] [ModelLoop] Slippage=0.00000009  Impact=0.000665  Fees=0.181752  Net=0.182417  M/T=0.000000  Latency=0.006700ms
[2025-05-19 22:07:51.483] [info] [ModelLoop] Slippage=0.00000011  Impact=0.000675  Fees=0.184731  Net=0.185406  M/T=0.000000  Latency=0.004200ms
[2025-05-19 22:07:51.579] [info] [WS] Received 2077 bytes
[2025-05-19 22:07:51.580] [info] [WS] Pushed tick into queue
[2025-05-19 22:07:51.584] [info] [ModelLoop] Slippage=0.00000008  Impact=0.000640  Fees=0.180618  Net=0.181258  M/T=0.000000  Latency=0.011200ms
[2025-05-19 22:07:51.682] [info] [WS] Received 2072 bytes
[2025-05-19 22:07:51.682] [info] [WS] Pushed tick into queue
[2025-05-19 22:07:51.684] [info] [ModelLoop] Slippage=0.00000010  Impact=0.000668  Fees=0.181290  Net=0.181957  M/T=0.000000  Latency=0.006500ms
[2025-05-19 22:07:51.784] [info] [WS] Received 2072 bytes
[2025-05-19 22:07:51.784] [info] [WS] Pushed tick into queue
[2025-05-19 22:07:51.787] [info] [ModelLoop] Slippage=0.00000010  Impact=0.000668  Fees=0.181290  Net=0.181957  M/T=0.000000  Latency=0.006900ms
[2025-05-19 22:07:51.863] [info] [WS] Received 2073 bytes
[2025-05-19 22:07:51.863] [info] [WS] Pushed tick into queue
[2025-05-19 22:07:51.865] [info] [ModelLoop] Slippage=0.00000010  Impact=0.000667  Fees=0.181311  Net=0.181978  M/T=0.000000  Latency=0.006700ms
[2025-05-19 22:07:51.990] [info] [WS] Received 2071 bytes
[2025-05-19 22:07:51.990] [info] [WS] Pushed tick into queue
[2025-05-19 22:07:51.994] [info] [ModelLoop] Slippage=0.00000010  Impact=0.000668  Fees=0.181288  Net=0.181956  M/T=0.000000  Latency=0.006300ms
[2025-05-19 22:07:52.065] [info] [WS] Received 2072 bytes
[2025-05-19 22:07:52.065] [info] [WS] Pushed tick into queue
[2025-05-19 22:07:52.067] [info] [ModelLoop] Slippage=0.00000010  Impact=0.000668  Fees=0.181286  Net=0.181954  M/T=0.000000  Latency=0.007200ms
[2025-05-19 22:07:52.194] [info] [WS] Received 2071 bytes
[2025-05-19 22:07:52.194] [info] [WS] Pushed tick into queue
[2025-05-19 22:07:52.197] [info] [ModelLoop] Slippage=0.00000009  Impact=0.000662  Fees=0.180163  Net=0.180825  M/T=0.000000  Latency=0.007000ms
[2025-05-19 22:07:52.399] [info] [WS] Received 2069 bytes
[2025-05-19 22:07:52.399] [info] [WS] Pushed tick into queue
[2025-05-19 22:07:52.399] [info] [WS] Received 2066 bytes
[2025-05-19 22:07:52.399] [info] [WS] Pushed tick into queue
[2025-05-19 22:07:52.402] [info] [ModelLoop] Slippage=0.00000011  Impact=0.000659  Fees=0.179141  Net=0.179800  M/T=0.000000  Latency=0.006700ms
[2025-05-19 22:07:52.404] [info] [ModelLoop] Slippage=0.00000011  Impact=0.000681  Fees=0.182979  Net=0.183660  M/T=0.000000  Latency=0.006000ms
[2025-05-19 22:07:52.501] [info] [WS] Received 2066 bytes
[2025-05-19 22:07:52.501] [info] [WS] Pushed tick into queue
[2025-05-19 22:07:52.504] [info] [ModelLoop] Slippage=0.00000011  Impact=0.000672  Fees=0.181501  Net=0.182174  M/T=0.000000  Latency=0.007300ms
[2025-05-19 22:07:52.604] [info] [WS] Received 2068 bytes
[2025-05-19 22:07:52.604] [info] [WS] Pushed tick into queue
[2025-05-19 22:07:52.606] [info] [ModelLoop] Slippage=0.00000009  Impact=0.000669  Fees=0.180666  Net=0.181335  M/T=0.000000  Latency=0.007400ms
[2025-05-19 22:07:52.706] [info] [WS] Received 2068 bytes
[2025-05-19 22:07:52.706] [info] [WS] Pushed tick into queue
[2025-05-19 22:07:52.709] [info] [ModelLoop] Slippage=0.00000009  Impact=0.000669  Fees=0.180666  Net=0.181335  M/T=0.000000  Latency=0.007300ms
[2025-05-19 22:07:52.808] [info] [WS] Received 2069 bytes
[2025-05-19 22:07:52.809] [info] [WS] Pushed tick into queue
[2025-05-19 22:07:52.812] [info] [ModelLoop] Slippage=0.00000013  Impact=0.000681  Fees=0.183178  Net=0.183859  M/T=0.000000  Latency=0.007200ms
[2025-05-19 22:07:52.911] [info] [WS] Received 2071 bytes
[2025-05-19 22:07:52.911] [info] [WS] Pushed tick into queue
[2025-05-19 22:07:52.913] [info] [ModelLoop] Slippage=0.00000011  Impact=0.000672  Fees=0.182556  Net=0.183228  M/T=0.000000  Latency=0.007500ms
[2025-05-19 22:07:53.013] [info] [WS] Received 2073 bytes
[2025-05-19 22:07:53.013] [info] [WS] Pushed tick into queue
[2025-05-19 22:07:53.015] [info] [ModelLoop] Slippage=0.00000012  Impact=0.000675  Fees=0.183275  Net=0.183950  M/T=0.000000  Latency=0.007200ms
[2025-05-19 22:07:53.116] [info] [WS] Received 2060 bytes
[2025-05-19 22:07:53.116] [info] [WS] Pushed tick into queue
[2025-05-19 22:07:53.118] [info] [ModelLoop] Slippage=0.00000016  Impact=0.000698  Fees=0.187008  Net=0.187706  M/T=0.000000  Latency=0.007100ms
[2025-05-19 22:07:53.320] [info] [WS] Received 2067 bytes
[2025-05-19 22:07:53.320] [info] [WS] Pushed tick into queue
[2025-05-19 22:07:53.320] [info] [WS] Received 2063 bytes
[2025-05-19 22:07:53.320] [info] [WS] Pushed tick into queue
[2025-05-19 22:07:53.323] [info] [ModelLoop] Slippage=0.00000016  Impact=0.000695  Fees=0.186938  Net=0.187633  M/T=0.000000  Latency=0.007100ms
[2025-05-19 22:07:53.327] [info] [ModelLoop] Slippage=0.00000013  Impact=0.000726  Fees=0.196609  Net=0.197335  M/T=0.000000  Latency=0.006600ms
[2025-05-19 22:07:53.423] [info] [WS] Received 2072 bytes
[2025-05-19 22:07:53.423] [info] [WS] Pushed tick into queue
[2025-05-19 22:07:53.425] [info] [ModelLoop] Slippage=0.00000012  Impact=0.000722  Fees=0.196743  Net=0.197466  M/T=0.000000  Latency=0.007000ms
[2025-05-19 22:07:53.525] [info] [WS] Received 2070 bytes
[2025-05-19 22:07:53.525] [info] [WS] Pushed tick into queue
[2025-05-19 22:07:53.527] [info] [ModelLoop] Slippage=0.00000012  Impact=0.000725  Fees=0.196529  Net=0.197254  M/T=0.000000  Latency=0.004400ms
[2025-05-19 22:07:53.628] [info] [WS] Received 2072 bytes
[2025-05-19 22:07:53.628] [info] [WS] Pushed tick into queue
[2025-05-19 22:07:53.629] [info] [ModelLoop] Slippage=0.00000009  Impact=0.000695  Fees=0.192062  Net=0.192757  M/T=0.000000  Latency=0.005500ms
[2025-05-19 22:07:53.730] [info] [WS] Received 2057 bytes
[2025-05-19 22:07:53.730] [info] [WS] Pushed tick into queue
[2025-05-19 22:07:53.732] [info] [ModelLoop] Slippage=0.00000006  Impact=0.000666  Fees=0.196084  Net=0.196750  M/T=0.000000  Latency=0.005100ms
[2025-05-19 22:07:53.832] [info] [WS] Received 2051 bytes
[2025-05-19 22:07:53.832] [info] [WS] Pushed tick into queue
[2025-05-19 22:07:53.834] [info] [ModelLoop] Slippage=0.00000009  Impact=0.000693  Fees=0.194854  Net=0.195548  M/T=0.000000  Latency=0.004100ms
[2025-05-19 22:07:53.935] [info] [WS] Received 2051 bytes
[2025-05-19 22:07:53.935] [info] [WS] Pushed tick into queue
[2025-05-19 22:07:53.936] [info] [ModelLoop] Slippage=0.00000010  Impact=0.000690  Fees=0.198775  Net=0.199464  M/T=0.000000  Latency=0.004500ms
[2025-05-19 22:07:54.037] [info] [WS] Received 2052 bytes
[2025-05-19 22:07:54.037] [info] [WS] Pushed tick into queue
[2025-05-19 22:07:54.039] [info] [ModelLoop] Slippage=0.00000476  Impact=0.000641  Fees=0.196097  Net=0.196742  M/T=0.000000  Latency=0.004700ms
[2025-05-19 22:07:54.141] [info] [WS] Received 2060 bytes
[2025-05-19 22:07:54.141] [info] [WS] Pushed tick into queue
[2025-05-19 22:07:54.143] [info] [ModelLoop] Slippage=0.00000010  Impact=0.000700  Fees=0.194098  Net=0.194798  M/T=0.000000  Latency=0.004800ms
[2025-05-19 22:07:54.243] [info] [WS] Received 2056 bytes
[2025-05-19 22:07:54.243] [info] [WS] Pushed tick into queue
[2025-05-19 22:07:54.244] [info] [ModelLoop] Slippage=0.00000011  Impact=0.000675  Fees=0.188958  Net=0.189634  M/T=0.000000  Latency=0.004500ms
[2025-05-19 22:07:54.346] [info] [WS] Received 2070 bytes
[2025-05-19 22:07:54.346] [info] [WS] Pushed tick into queue
[2025-05-19 22:07:54.347] [info] [ModelLoop] Slippage=0.00000012  Impact=0.000690  Fees=0.188885  Net=0.189574  M/T=0.000000  Latency=0.004100ms
[2025-05-19 22:07:54.549] [info] [WS] Received 2070 bytes
[2025-05-19 22:07:54.549] [info] [WS] Pushed tick into queue
[2025-05-19 22:07:54.549] [info] [WS] Received 2069 bytes
[2025-05-19 22:07:54.549] [info] [WS] Pushed tick into queue
[2025-05-19 22:07:54.551] [info] [ModelLoop] Slippage=0.00000012  Impact=0.000686  Fees=0.188557  Net=0.189243  M/T=0.000000  Latency=0.004700ms
[2025-05-19 22:07:54.552] [info] [ModelLoop] Slippage=0.00000012  Impact=0.000690  Fees=0.190126  Net=0.190817  M/T=0.000000  Latency=0.003600ms
[2025-05-19 22:07:54.652] [info] [WS] Received 2070 bytes
[2025-05-19 22:07:54.652] [info] [WS] Pushed tick into queue
[2025-05-19 22:07:54.653] [info] [ModelLoop] Slippage=0.00000009  Impact=0.000673  Fees=0.189447  Net=0.190121  M/T=0.000000  Latency=0.037400ms
[2025-05-19 22:07:54.663] [info] [WS] Received 2070 bytes
[2025-05-19 22:07:54.663] [info] [WS] Pushed tick into queue
[2025-05-19 22:07:54.664] [info] [ModelLoop] Slippage=0.00000009  Impact=0.000674  Fees=0.189433  Net=0.190106  M/T=0.000000  Latency=0.004500ms
[2025-05-19 22:07:54.857] [info] [WS] Received 2067 bytes
[2025-05-19 22:07:54.857] [info] [WS] Pushed tick into queue
[2025-05-19 22:07:54.859] [info] [ModelLoop] Slippage=0.00000009  Impact=0.000674  Fees=0.189433  Net=0.190107  M/T=0.000000  Latency=0.004300ms
[2025-05-19 22:07:54.873] [info] [WS] Received 2066 bytes
[2025-05-19 22:07:54.873] [info] [WS] Pushed tick into queue
[2025-05-19 22:07:54.875] [info] [ModelLoop] Slippage=0.00000009  Impact=0.000674  Fees=0.189426  Net=0.190100  M/T=0.000000  Latency=0.003900ms
[2025-05-19 22:07:55.061] [info] [WS] Received 2065 bytes
[2025-05-19 22:07:55.061] [info] [WS] Pushed tick into queue
[2025-05-19 22:07:55.063] [info] [ModelLoop] Slippage=0.00000009  Impact=0.000674  Fees=0.189419  Net=0.190093  M/T=0.000000  Latency=0.003900ms
[2025-05-19 22:07:55.066] [info] [WS] Received 2068 bytes
[2025-05-19 22:07:55.066] [info] [WS] Pushed tick into queue
[2025-05-19 22:07:55.069] [info] [ModelLoop] Slippage=0.00000010  Impact=0.000680  Fees=0.190318  Net=0.190998  M/T=0.000000  Latency=0.004600ms
[2025-05-19 22:07:55.266] [info] [WS] Received 2076 bytes
[2025-05-19 22:07:55.266] [info] [WS] Pushed tick into queue
[2025-05-19 22:07:55.267] [info] [WS] Received 2065 bytes
[2025-05-19 22:07:55.267] [info] [WS] Pushed tick into queue
[2025-05-19 22:07:55.267] [info] [ModelLoop] Slippage=0.00000011  Impact=0.000683  Fees=0.192569  Net=0.193252  M/T=0.000000  Latency=0.006000ms
[2025-05-19 22:07:55.269] [info] [ModelLoop] Slippage=0.00000011  Impact=0.000713  Fees=0.197079  Net=0.197792  M/T=0.000000  Latency=0.002200ms
[2025-05-19 22:07:55.471] [info] [WS] Received 2072 bytes
[2025-05-19 22:07:55.471] [info] [WS] Pushed tick into queue
[2025-05-19 22:07:55.471] [info] [WS] Received 2072 bytes
[2025-05-19 22:07:55.471] [info] [WS] Pushed tick into queue
[2025-05-19 22:07:55.472] [info] [ModelLoop] Slippage=0.00000010  Impact=0.000686  Fees=0.194600  Net=0.195286  M/T=0.000000  Latency=0.004200ms
[2025-05-19 22:07:55.474] [info] [ModelLoop] Slippage=0.00000010  Impact=0.000678  Fees=0.190405  Net=0.191084  M/T=0.000000  Latency=0.005400ms
[2025-05-19 22:07:55.574] [info] [WS] Received 2067 bytes
[2025-05-19 22:07:55.574] [info] [WS] Pushed tick into queue
[2025-05-19 22:07:55.577] [info] [ModelLoop] Slippage=0.00000010  Impact=0.000680  Fees=0.190457  Net=0.191137  M/T=0.000000  Latency=0.038500ms
[2025-05-19 22:07:55.676] [info] [WS] Received 2065 bytes
[2025-05-19 22:07:55.676] [info] [WS] Pushed tick into queue
[2025-05-19 22:07:55.679] [info] [ModelLoop] Slippage=0.00000010  Impact=0.000671  Fees=0.190790  Net=0.191461  M/T=0.000000  Latency=0.007800ms
[2025-05-19 22:07:55.778] [info] [WS] Received 2065 bytes
[2025-05-19 22:07:55.778] [info] [WS] Pushed tick into queue
[2025-05-19 22:07:55.779] [info] [ModelLoop] Slippage=0.00000010  Impact=0.000670  Fees=0.190627  Net=0.191297  M/T=0.000000  Latency=0.004900ms
